0 info it worked if it ends with ok
1 verbose cli [ '/Users/ranyunxing/.nvm/versions/node/v6.11.4/bin/node',
1 verbose cli   '/Users/ranyunxing/.nvm/versions/node/v6.11.4/bin/npm',
1 verbose cli   'completion',
1 verbose cli   '--' ]
2 info using npm@3.10.10
3 info using node@v6.11.4
4 verbose stack TypeError: Cannot read property 'length' of undefined
4 verbose stack     at EventEmitter.completion (/Users/ranyunxing/.nvm/versions/node/v6.11.4/lib/node_modules/npm/lib/completion.js:80:22)
4 verbose stack     at Object.commandCache.(anonymous function) (/Users/ranyunxing/.nvm/versions/node/v6.11.4/lib/node_modules/npm/lib/npm.js:124:13)
4 verbose stack     at EventEmitter.<anonymous> (/Users/ranyunxing/.nvm/versions/node/v6.11.4/lib/node_modules/npm/bin/npm-cli.js:73:30)
4 verbose stack     at _combinedTickCallback (internal/process/next_tick.js:73:7)
4 verbose stack     at process._tickCallback (internal/process/next_tick.js:104:9)
5 verbose cwd /Users/ranyunxing/Desktop/BuildAPP/caile-user-cordova/plugins/cordova-plugin-user-file-opener
6 error Darwin 17.6.0
7 error argv "/Users/ranyunxing/.nvm/versions/node/v6.11.4/bin/node" "/Users/ranyunxing/.nvm/versions/node/v6.11.4/bin/npm" "completion" "--"
8 error node v6.11.4
9 error npm  v3.10.10
10 error Cannot read property 'length' of undefined
11 error If you need help, you may report this error at:
11 error     <https://github.com/npm/npm/issues>
12 verbose exit [ 1, true ]
